0 info it worked if it ends with ok
1 verbose cli [ 'C:\\Program Files\\nodejs\\node.exe',
1 verbose cli   'C:\\Program Files\\nodejs\\node_modules\\npm\\bin\\npm-cli.js',
1 verbose cli   'run',
1 verbose cli   'serve' ]
2 info using npm@3.10.10
3 info using node@v6.11.1
4 verbose run-script [ 'preserve', 'serve', 'postserve' ]
5 info lifecycle it-talents-sendungsverfolgung@1.0.0~preserve: it-talents-sendungsverfolgung@1.0.0
6 silly lifecycle it-talents-sendungsverfolgung@1.0.0~preserve: no script for preserve, continuing
7 info lifecycle it-talents-sendungsverfolgung@1.0.0~serve: it-talents-sendungsverfolgung@1.0.0
8 verbose lifecycle it-talents-sendungsverfolgung@1.0.0~serve: unsafe-perm in lifecycle true
9 verbose lifecycle it-talents-sendungsverfolgung@1.0.0~serve: PATH: C:\Program Files\nodejs\node_modules\npm\bin\node-gyp-bin;C:\Users\i01002704\Documents\i01002704\Projects\JavaScript\it-talents-hermes-tracking\node_modules\.bin;C:\Program Files (x86)\RSA SecurID Token Common;C:\Program Files\RSA SecurID Token Common;C:\ProgramData\Oracle\Java\javapath;C:\Windows\system32;C:\Windows;C:\Windows\System32\Wbem;C:\Windows\System32\WindowsPowerShell\v1.0\;C:\Windows\SysWOW64\Empirum;C:\OpenText\Viewer\bin;C:\Program Files\nodejs\;C:\Program Files\Git\cmd;C:\Program Files\dotnet\;C:\ProgramData\chocolatey\bin;C:\Users\i01002704\AppData\Local\Programs\Python\Python36-32\Scripts\;C:\Users\i01002704\AppData\Local\Programs\Python\Python36-32\;C:\Users\i01002704\AppData\Local\Programs\Python\Launcher\;C:\Users\i01002704\AppData\Local\Microsoft\WindowsApps;C:\Users\i01002704\AppData\Local\atom\bin;C:\Users\i01002704\AppData\Roaming\npm;C:\Program Files\Microsoft VS Code\bin;C:\Users\i01002704\AppData\Local\pyinstall\;C:\Program Files\Java\jdk1.8.0_141\bin;C:\Users\i01002704\AppData\Local\GitHubDesktop\bin;C:\Program Files\Oracle\VirtualBox;C:\adb;C:\Program Files\Java\jdk1.8.0_152\bin;C:\Android\android-sdk\tools;C:\Android\android-sdk\platform-tools;C:\Users\i01002704\AppData\Local\Programs\Python\Python36-32\Scripts\;C:\Users\i01002704\AppData\Local\Programs\Python\Python36-32\;C:\Users\i01002704\AppData\Local\Programs\Python\Launcher\;C:\Users\i01002704\AppData\Local\Microsoft\WindowsApps;C:\Users\i01002704\AppData\Local\atom\bin;C:\Users\i01002704\AppData\Roaming\npm;C:\Program Files\Microsoft VS Code\bin;C:\Users\i01002704\AppData\Local\pyinstall\;C:\Program Files\Java\jdk1.8.0_141\bin;C:\Users\i01002704\AppData\Local\GitHubDesktop\bin;C:\Program Files\Oracle\VirtualBox;
10 verbose lifecycle it-talents-sendungsverfolgung@1.0.0~serve: CWD: C:\Users\i01002704\Documents\i01002704\Projects\JavaScript\it-talents-hermes-tracking
11 silly lifecycle it-talents-sendungsverfolgung@1.0.0~serve: Args: [ '/d /s /c', 'nodemon ./src/app.js' ]
12 verbose stack Error: kill ENOSYS
12 verbose stack     at exports._errnoException (util.js:1018:11)
12 verbose stack     at process.kill (internal/process.js:190:13)
12 verbose stack     at process.listener (C:\Program Files\nodejs\node_modules\npm\node_modules\npmlog\node_modules\gauge\node_modules\signal-exit\index.js:86:15)
12 verbose stack     at emitNone (events.js:91:20)
12 verbose stack     at process.emit (events.js:185:7)
12 verbose stack     at processEmit (C:\Program Files\nodejs\node_modules\npm\node_modules\npmlog\node_modules\gauge\node_modules\signal-exit\index.js:146:32)
12 verbose stack     at processEmit (C:\Program Files\nodejs\node_modules\npm\node_modules\npm-registry-client\node_modules\npmlog\node_modules\gauge\node_modules\signal-exit\index.js:146:32)
12 verbose stack     at Signal.wrap.onsignal (internal/process.js:217:44)
13 verbose cwd C:\Users\i01002704\Documents\i01002704\Projects\JavaScript\it-talents-hermes-tracking
14 error Windows_NT 10.0.15063
15 error argv "C:\\Program Files\\nodejs\\node.exe" "C:\\Program Files\\nodejs\\node_modules\\npm\\bin\\npm-cli.js" "run" "serve"
16 error node v6.11.1
17 error npm  v3.10.10
18 error code ENOSYS
19 error errno ENOSYS
20 error syscall kill
21 error kill ENOSYS
22 error If you need help, you may report this error at:
22 error     <https://github.com/npm/npm/issues>
23 verbose exit [ 1, true ]
